<?xml version="1.0" encoding="UTF-8"?>
<testng-results skipped="0" failed="0" ignored="0" total="0" passed="0">
  <reporter-output>
  </reporter-output>
  <suite name="Default suite" duration-ms="356" started-at="2020-12-31T07:06:13Z" finished-at="2020-12-31T07:06:13Z">
    <groups>
      <group name="cucumber">
        <method signature="AbstractTestNGCucumberTests.runScenario(io.cucumber.testng.PickleWrapper, io.cucumber.testng.FeatureWrapper)[pri:0, instance:testRunner.testRunnerWithTestNG@3c0ecd4b]" name="runScenario" class="io.cucumber.testng.AbstractTestNGCucumberTests"/>
      </group> <!-- cucumber -->
    </groups>
    <test name="Default test" duration-ms="356" started-at="2020-12-31T07:06:13Z" finished-at="2020-12-31T07:06:13Z">
      <class name="testRunner.testRunnerWithTestNG">
        <test-method status="PASS" signature="setUpClass()[pri:0, instance:testRunner.testRunnerWithTestNG@3c0ecd4b]" name="setUpClass" is-config="true" duration-ms="317" started-at="2020-12-31T07:06:13Z" finished-at="2020-12-31T07:06:13Z">
          <reporter-output>
          </reporter-output>
        </test-method> <!-- setUpClass -->
        <test-method status="PASS" signature="tearDownClass()[pri:0, instance:testRunner.testRunnerWithTestNG@3c0ecd4b]" name="tearDownClass" is-config="true" duration-ms="16" started-at="2020-12-31T07:06:13Z" finished-at="2020-12-31T07:06:13Z">
          <reporter-output>
          </reporter-output>
        </test-method> <!-- tearDownClass -->
      </class> <!-- testRunner.testRunnerWithTestNG -->
    </test> <!-- Default test -->
  </suite> <!-- Default suite -->
</testng-results>
